0 info it worked if it ends with ok
1 verbose cli [ 'C:\\nodejs\\node.exe',
1 verbose cli   'C:\\nodejs\\node_modules\\npm\\bin\\npm-cli.js',
1 verbose cli   'start' ]
2 info using npm@3.10.8
3 info using node@v6.9.1
4 verbose run-script [ 'prestart', 'start', 'poststart' ]
5 info lifecycle social-network@1.0.0~prestart: social-network@1.0.0
6 silly lifecycle social-network@1.0.0~prestart: no script for prestart, continuing
7 info lifecycle social-network@1.0.0~start: social-network@1.0.0
8 verbose lifecycle social-network@1.0.0~start: unsafe-perm in lifecycle true
9 verbose lifecycle social-network@1.0.0~start: PATH: C:\nodejs\node_modules\npm\bin\node-gyp-bin;C:\Users\Lucas\Documents\Workspace Atom\Test\social-network\node_modules\.bin;C:\ProgramData\Oracle\Java\javapath;C:\Program Files (x86)\Intel\iCLS Client\;C:\Program Files\Intel\iCLS Client\;C:\WINDOWS\system32;C:\WINDOWS;C:\WINDOWS\System32\Wbem;C:\WINDOWS\System32\WindowsPowerShell\v1.0\;C:\Program Files (x86)\Intel\Intel(R) Management Engine Components\DAL;C:\Program Files\Intel\Intel(R) Management Engine Components\DAL;C:\Program Files (x86)\Intel\Intel(R) Management Engine Components\IPT;C:\Program Files\Intel\Intel(R) Management Engine Components\IPT;C:\Program Files\MySQL\MySQL Utilities 1.6\;C:\Program Files (x86)\Skype\Phone\;C:\Program Files\Java\jdk1.8.0_111\bin;C:\nodejs\;C:\Program Files\apache-maven-3.3.9\bin;C:\Program Files\TortoiseSVN\bin;C:\Users\Lucas\AppData\Local\atom\bin
10 verbose lifecycle social-network@1.0.0~start: CWD: C:\Users\Lucas\Documents\Workspace Atom\Test\social-network
11 silly lifecycle social-network@1.0.0~start: Args: [ '/d /s /c', 'node index' ]
12 silly lifecycle social-network@1.0.0~start: Returned: code: 1  signal: null
13 info lifecycle social-network@1.0.0~start: Failed to exec start script
14 verbose stack Error: social-network@1.0.0 start: `node index`
14 verbose stack Exit status 1
14 verbose stack     at EventEmitter.<anonymous> (C:\nodejs\node_modules\npm\lib\utils\lifecycle.js:255:16)
14 verbose stack     at emitTwo (events.js:106:13)
14 verbose stack     at EventEmitter.emit (events.js:191:7)
14 verbose stack     at ChildProcess.<anonymous> (C:\nodejs\node_modules\npm\lib\utils\spawn.js:40:14)
14 verbose stack     at emitTwo (events.js:106:13)
14 verbose stack     at ChildProcess.emit (events.js:191:7)
14 verbose stack     at maybeClose (internal/child_process.js:877:16)
14 verbose stack     at Process.ChildProcess._handle.onexit (internal/child_process.js:226:5)
15 verbose pkgid social-network@1.0.0
16 verbose cwd C:\Users\Lucas\Documents\Workspace Atom\Test\social-network
17 error Windows_NT 10.0.14393
18 error argv "C:\\nodejs\\node.exe" "C:\\nodejs\\node_modules\\npm\\bin\\npm-cli.js" "start"
19 error node v6.9.1
20 error npm  v3.10.8
21 error code ELIFECYCLE
22 error social-network@1.0.0 start: `node index`
22 error Exit status 1
23 error Failed at the social-network@1.0.0 start script 'node index'.
23 error Make sure you have the latest version of node.js and npm installed.
23 error If you do, this is most likely a problem with the social-network package,
23 error not with npm itself.
23 error Tell the author that this fails on your system:
23 error     node index
23 error You can get information on how to open an issue for this project with:
23 error     npm bugs social-network
23 error Or if that isn't available, you can get their info via:
23 error     npm owner ls social-network
23 error There is likely additional logging output above.
24 verbose exit [ 1, true ]
